2026-03-28T17:21:45.464Z	Initializing build environment...
2026-03-28T17:21:47.223Z	Success: Finished initializing build environment
2026-03-28T17:21:48.042Z	Cloning repository...
2026-03-28T17:21:53.908Z	Detected the following tools from environment: nodejs@20.20.2, pnpm@10.22.0
2026-03-28T17:21:53.909Z	Installing nodejs 20.20.2
2026-03-28T17:21:45.464Z	Initializing build environment...
2026-03-28T17:21:47.223Z	Success: Finished initializing build environment
2026-03-28T17:21:48.042Z	Cloning repository...
2026-03-28T17:21:53.908Z	Detected the following tools from environment: nodejs@20.20.2, pnpm@10.22.0
2026-03-28T17:21:53.909Z	Installing nodejs 20.20.2
2026-03-28T17:22:04.021Z	Installing project dependencies: pnpm install --frozen-lockfile
2026-03-28T17:22:04.991Z	Lockfile is up to date, resolution step is skipped
2026-03-28T17:22:05.289Z	Progress: resolved 1, reused 0, downloaded 0, added 0
2026-03-28T17:22:05.563Z	Packages: +1545
2026-03-28T17:22:05.568Z	++++++++++++++++++++++++++++++++++++++++++++++++++++++++++++++++++++++++++++++++
2026-03-28T17:22:06.284Z	Progress: resolved 1545, reused 0, downloaded 0, added 0
2026-03-28T17:22:07.284Z	Progress: resolved 1545, reused 0, downloaded 14, added 0
2026-03-28T17:22:08.293Z	Progress: resolved 1545, reused 0, downloaded 18, added 0
2026-03-28T17:22:09.294Z	Progress: resolved 1545, reused 0, downloaded 33, added 0
2026-03-28T17:22:11.142Z	Progress: resolved 1545, reused 0, downloaded 33, added 1
2026-03-28T17:22:11.238Z	Packages are hard linked from the content-addressable store to the virtual store.
2026-03-28T17:22:11.238Z	  Content-addressable store is at: /opt/buildhome/.local/share/pnpm/store/v10
2026-03-28T17:22:11.238Z	  Virtual store is at:             node_modules/.pnpm
2026-03-28T17:22:12.145Z	Progress: resolved 1545, reused 0, downloaded 55, added 8
2026-03-28T17:22:13.145Z	Progress: resolved 1545, reused 0, downloaded 143, added 43
2026-03-28T17:22:14.145Z	Progress: resolved 1545, reused 0, downloaded 208, added 63
2026-03-28T17:22:15.145Z	Progress: resolved 1545, reused 0, downloaded 334, added 109
2026-03-28T17:22:16.145Z	Progress: resolved 1545, reused 0, downloaded 430, added 148
2026-03-28T17:22:17.148Z	Progress: resolved 1545, reused 0, downloaded 583, added 225
2026-03-28T17:22:18.147Z	Progress: resolved 1545, reused 0, downloaded 783, added 314
2026-03-28T17:22:19.147Z	Progress: resolved 1545, reused 0, downloaded 826, added 341
2026-03-28T17:22:20.148Z	Progress: resolved 1545, reused 0, downloaded 925, added 374
2026-03-28T17:22:21.148Z	Progress: resolved 1545, reused 0, downloaded 1022, added 417
2026-03-28T17:22:22.150Z	Progress: resolved 1545, reused 0, downloaded 1045, added 425
2026-03-28T17:22:23.153Z	Progress: resolved 1545, reused 0, downloaded 1080, added 437
2026-03-28T17:22:24.162Z	Progress: resolved 1545, reused 0, downloaded 1154, added 466
2026-03-28T17:22:25.162Z	Progress: resolved 1545, reused 0, downloaded 1247, added 510
2026-03-28T17:22:26.172Z	Progress: resolved 1545, reused 0, downloaded 1409, added 592
2026-03-28T17:22:27.170Z	Progress: resolved 1545, reused 0, downloaded 1529, added 653
2026-03-28T17:22:28.172Z	Progress: resolved 1545, reused 0, downloaded 1545, added 1206
2026-03-28T17:22:28.540Z	Progress: resolved 1545, reused 0, downloaded 1545, added 1545, done
2026-03-28T17:22:29.399Z	.../node_modules/ttf2woff2 install$ ((node-gyp configure && node-gyp build) > builderror.log) || (exit 0)
2026-03-28T17:22:29.402Z	.../sharp@0.34.5/node_modules/sharp install$ node install/check.js || npm run build
2026-03-28T17:22:29.406Z	.../esbuild@0.27.3/node_modules/esbuild postinstall$ node install.js
2026-03-28T17:22:29.576Z	.../node_modules/ttf2woff2 install: gyp info it worked if it ends with ok
2026-03-28T17:22:29.579Z	.../node_modules/ttf2woff2 install: gyp info using node-gyp@9.4.1
2026-03-28T17:22:29.579Z	.../node_modules/ttf2woff2 install: gyp info using node@20.20.2 | linux | x64
2026-03-28T17:22:29.592Z	.../esbuild@0.27.3/node_modules/esbuild postinstall: Done
2026-03-28T17:22:29.695Z	.../sharp@0.34.5/node_modules/sharp install: Done
2026-03-28T17:22:29.970Z	.../node_modules/ttf2woff2 install: gyp info find Python using Python version 3.13.3 found at "/opt/buildhome/.asdf/installs/python/3.13.3/bin/python3"
2026-03-28T17:22:30.120Z	.../node_modules/ttf2woff2 install: gyp http GET https://nodejs.org/download/release/v20.20.2/node-v20.20.2-headers.tar.gz
2026-03-28T17:22:30.227Z	.../node_modules/ttf2woff2 install: gyp http 200 https://nodejs.org/download/release/v20.20.2/node-v20.20.2-headers.tar.gz
2026-03-28T17:22:33.143Z	.../node_modules/ttf2woff2 install: gyp http GET https://nodejs.org/download/release/v20.20.2/SHASUMS256.txt
2026-03-28T17:22:33.171Z	.../node_modules/ttf2woff2 install: gyp http 200 https://nodejs.org/download/release/v20.20.2/SHASUMS256.txt
2026-03-28T17:22:33.185Z	.../node_modules/ttf2woff2 install: gyp info spawn /opt/buildhome/.asdf/installs/python/3.13.3/bin/python3
2026-03-28T17:22:33.185Z	.../node_modules/ttf2woff2 install: gyp info spawn args [
2026-03-28T17:22:33.186Z	.../node_modules/ttf2woff2 install: gyp info spawn args   '/opt/buildhome/repo/node_modules/.pnpm/node-gyp@9.4.1/node_modules/node-gyp/gyp/gyp_main.py',
2026-03-28T17:22:33.186Z	.../node_modules/ttf2woff2 install: gyp info spawn args   'binding.gyp',
2026-03-28T17:22:33.186Z	.../node_modules/ttf2woff2 install: gyp info spawn args   '-f',
2026-03-28T17:22:33.187Z	.../node_modules/ttf2woff2 install: gyp info spawn args   'make',
2026-03-28T17:22:33.187Z	.../node_modules/ttf2woff2 install: gyp info spawn args   '-I',
2026-03-28T17:22:33.187Z	.../node_modules/ttf2woff2 install: gyp info spawn args   '/opt/buildhome/repo/node_modules/.pnpm/ttf2woff2@4.0.5/node_modules/ttf2woff2/build/config.gypi',
2026-03-28T17:22:33.193Z	.../node_modules/ttf2woff2 install: gyp info spawn args   '-I',
2026-03-28T17:22:33.193Z	.../node_modules/ttf2woff2 install: gyp info spawn args   '/opt/buildhome/repo/node_modules/.pnpm/node-gyp@9.4.1/node_modules/node-gyp/addon.gypi',
2026-03-28T17:22:33.194Z	.../node_modules/ttf2woff2 install: gyp info spawn args   '-I',
2026-03-28T17:22:33.196Z	.../node_modules/ttf2woff2 install: gyp info spawn args   '/opt/buildhome/.cache/node-gyp/20.20.2/include/node/common.gypi',
2026-03-28T17:22:33.196Z	.../node_modules/ttf2woff2 install: gyp info spawn args   '-Dlibrary=shared_library',
2026-03-28T17:22:33.197Z	.../node_modules/ttf2woff2 install: gyp info spawn args   '-Dvisibility=default',
2026-03-28T17:22:33.197Z	.../node_modules/ttf2woff2 install: gyp info spawn args   '-Dnode_root_dir=/opt/buildhome/.cache/node-gyp/20.20.2',
2026-03-28T17:22:33.197Z	.../node_modules/ttf2woff2 install: gyp info spawn args   '-Dnode_gyp_dir=/opt/buildhome/repo/node_modules/.pnpm/node-gyp@9.4.1/node_modules/node-gyp',
2026-03-28T17:22:33.197Z	.../node_modules/ttf2woff2 install: gyp info spawn args   '-Dnode_lib_file=/opt/buildhome/.cache/node-gyp/20.20.2/<(target_arch)/node.lib',
2026-03-28T17:22:33.197Z	.../node_modules/ttf2woff2 install: gyp info spawn args   '-Dmodule_root_dir=/opt/buildhome/repo/node_modules/.pnpm/ttf2woff2@4.0.5/node_modules/ttf2woff2',
2026-03-28T17:22:33.197Z	.../node_modules/ttf2woff2 install: gyp info spawn args   '-Dnode_engine=v8',
2026-03-28T17:22:33.197Z	.../node_modules/ttf2woff2 install: gyp info spawn args   '--depth=.',
2026-03-28T17:22:33.197Z	.../node_modules/ttf2woff2 install: gyp info spawn args   '--no-parallel',
2026-03-28T17:22:33.198Z	.../node_modules/ttf2woff2 install: gyp info spawn args   '--generator-output',
2026-03-28T17:22:33.203Z	.../node_modules/ttf2woff2 install: gyp info spawn args   'build',
2026-03-28T17:22:33.204Z	.../node_modules/ttf2woff2 install: gyp info spawn args   '-Goutput_dir=.'
2026-03-28T17:22:33.205Z	.../node_modules/ttf2woff2 install: gyp info spawn args ]
2026-03-28T17:22:33.884Z	.../node_modules/ttf2woff2 install: Traceback (most recent call last):
2026-03-28T17:22:33.884Z	.../node_modules/ttf2woff2 install:   File "/opt/buildhome/repo/node_modules/.pnpm/node-gyp@9.4.1/node_modules/node-gyp/gyp/gyp_main.py", line 42, in <module>
2026-03-28T17:22:33.884Z	.../node_modules/ttf2woff2 install:     import gyp  # noqa: E402
2026-03-28T17:22:33.884Z	.../node_modules/ttf2woff2 install:     ^^^^^^^^^^
2026-03-28T17:22:33.885Z	.../node_modules/ttf2woff2 install:   File "/opt/buildhome/repo/node_modules/.pnpm/node-gyp@9.4.1/node_modules/node-gyp/gyp/pylib/gyp/__init__.py", line 9, in <module>
2026-03-28T17:22:33.885Z	.../node_modules/ttf2woff2 install:     import gyp.input
2026-03-28T17:22:33.885Z	.../node_modules/ttf2woff2 install:   File "/opt/buildhome/repo/node_modules/.pnpm/node-gyp@9.4.1/node_modules/node-gyp/gyp/pylib/gyp/input.py", line 19, in <module>
2026-03-28T17:22:33.885Z	.../node_modules/ttf2woff2 install:     from distutils.version import StrictVersion
2026-03-28T17:22:33.885Z	.../node_modules/ttf2woff2 install: ModuleNotFoundError: No module named 'distutils'
2026-03-28T17:22:33.898Z	.../node_modules/ttf2woff2 install: gyp ERR! configure error 
2026-03-28T17:22:33.898Z	.../node_modules/ttf2woff2 install: gyp ERR! stack Error: `gyp` failed with exit code: 1
2026-03-28T17:22:33.898Z	.../node_modules/ttf2woff2 install: gyp ERR! stack     at ChildProcess.onCpExit (/opt/buildhome/repo/node_modules/.pnpm/node-gyp@9.4.1/node_modules/node-gyp/lib/configure.js:325:16)
2026-03-28T17:22:33.898Z	.../node_modules/ttf2woff2 install: gyp ERR! stack     at ChildProcess.emit (node:events:524:28)
2026-03-28T17:22:33.898Z	.../node_modules/ttf2woff2 install: gyp ERR! stack     at ChildProcess._handle.onexit (node:internal/child_process:293:12)
2026-03-28T17:22:33.899Z	.../node_modules/ttf2woff2 install: gyp ERR! System Linux 6.12.71-cloudflare-firecracker-2026.2.25
2026-03-28T17:22:33.899Z	.../node_modules/ttf2woff2 install: gyp ERR! command "/opt/buildhome/.asdf/installs/nodejs/20.20.2/bin/node" "/opt/buildhome/repo/node_modules/.pnpm/node-gyp@9.4.1/node_modules/node-gyp/bin/node-gyp.js" "configure"
2026-03-28T17:22:33.899Z	.../node_modules/ttf2woff2 install: gyp ERR! cwd /opt/buildhome/repo/node_modules/.pnpm/ttf2woff2@4.0.5/node_modules/ttf2woff2
2026-03-28T17:22:33.899Z	.../node_modules/ttf2woff2 install: gyp ERR! node -v v20.20.2
2026-03-28T17:22:33.906Z	.../node_modules/ttf2woff2 install: gyp ERR! node-gyp -v v9.4.1
2026-03-28T17:22:33.906Z	.../node_modules/ttf2woff2 install: gyp ERR! not ok 
2026-03-28T17:22:33.930Z	.../node_modules/ttf2woff2 install: Done
2026-03-28T17:22:34.154Z	
2026-03-28T17:22:34.154Z	dependencies:
2026-03-28T17:22:34.154Z	+ @astrojs/check 0.9.7
2026-03-28T17:22:34.154Z	+ @astrojs/rss 4.0.17
2026-03-28T17:22:34.154Z	+ @astrojs/sitemap 3.7.1
2026-03-28T17:22:34.155Z	+ @astrojs/svelte 8.0.0
2026-03-28T17:22:34.155Z	+ @expressive-code/core 0.41.7
2026-03-28T17:22:34.155Z	+ @expressive-code/plugin-collapsible-sections 0.41.7
2026-03-28T17:22:34.155Z	+ @expressive-code/plugin-line-numbers 0.41.7
2026-03-28T17:22:34.155Z	+ @fancyapps/ui 6.1.13
2026-03-28T17:22:34.155Z	+ @fontsource-variable/jetbrains-mono 5.2.8
2026-03-28T17:22:34.155Z	+ @fontsource/roboto 5.2.10
2026-03-28T17:22:34.155Z	+ @iconify/svelte 5.2.1
2026-03-28T17:22:34.155Z	+ @swup/astro 1.8.0
2026-03-28T17:22:34.155Z	+ @tailwindcss/typography 0.5.19
2026-03-28T17:22:34.155Z	+ @tailwindcss/vite 4.2.2
2026-03-28T17:22:34.155Z	+ astro 6.0.4
2026-03-28T17:22:34.155Z	+ astro-expressive-code 0.41.7
2026-03-28T17:22:34.155Z	+ astro-icon 1.1.5
2026-03-28T17:22:34.155Z	+ axios 1.13.6
2026-03-28T17:22:34.155Z	+ crypto-js 4.2.0
2026-03-28T17:22:34.155Z	+ dayjs 1.11.19
2026-03-28T17:22:34.155Z	+ hastscript 9.0.1
2026-03-28T17:22:34.155Z	+ katex 0.16.33
2026-03-28T17:22:34.156Z	+ markdown-it 14.1.1
2026-03-28T17:22:34.156Z	+ marked 16.4.2
2026-03-28T17:22:34.157Z	+ node-html-parser 7.1.0
2026-03-28T17:22:34.157Z	+ oddmisc 1.1.5
2026-03-28T17:22:34.157Z	+ overlayscrollbars 2.14.0
2026-03-28T17:22:34.157Z	+ pagefind 1.4.0
2026-03-28T17:22:34.157Z	+ qrcode 1.5.4
2026-03-28T17:22:34.157Z	+ reading-time 1.5.0
2026-03-28T17:22:34.157Z	+ rehype-autolink-headings 7.1.0
2026-03-28T17:22:34.157Z	+ rehype-components 0.3.0
2026-03-28T17:22:34.157Z	+ rehype-external-links 3.0.0
2026-03-28T17:22:34.157Z	+ rehype-katex 7.0.1
2026-03-28T17:22:34.157Z	+ rehype-slug 6.0.0
2026-03-28T17:22:34.157Z	+ remark-directive 3.0.1
2026-03-28T17:22:34.157Z	+ remark-directive-rehype 0.4.2
2026-03-28T17:22:34.157Z	+ remark-math 6.0.0
2026-03-28T17:22:34.157Z	+ remark-sectionize 2.1.0
2026-03-28T17:22:34.157Z	+ sanitize-html 2.17.1
2026-03-28T17:22:34.158Z	+ satori 0.19.3
2026-03-28T17:22:34.159Z	+ sharp 0.34.5
2026-03-28T17:22:34.159Z	+ stylus 0.64.0
2026-03-28T17:22:34.159Z	+ svelte 5.53.7
2026-03-28T17:22:34.159Z	+ tailwindcss 4.2.2
2026-03-28T17:22:34.159Z	+ typescript 5.9.3
2026-03-28T17:22:34.159Z	+ unist-util-visit 5.1.0
2026-03-28T17:22:34.160Z	
2026-03-28T17:22:34.160Z	devDependencies:
2026-03-28T17:22:34.161Z	+ @astrojs/ts-plugin 1.10.7
2026-03-28T17:22:34.161Z	+ @eslint/js 10.0.1
2026-03-28T17:22:34.161Z	+ @iconify-json/fa7-brands 1.2.2
2026-03-28T17:22:34.161Z	+ @iconify-json/fa7-regular 1.2.3
2026-03-28T17:22:34.161Z	+ @iconify-json/fa7-solid 1.2.4
2026-03-28T17:22:34.162Z	+ @iconify-json/material-symbols 1.2.63
2026-03-28T17:22:34.162Z	+ @iconify-json/mdi 1.2.3
2026-03-28T17:22:34.162Z	+ @iconify-json/simple-icons 1.2.74
2026-03-28T17:22:34.162Z	+ @lhci/cli 0.15.1
2026-03-28T17:22:34.162Z	+ @rollup/plugin-yaml 4.1.2
2026-03-28T17:22:34.162Z	+ @types/hast 3.0.4
2026-03-28T17:22:34.162Z	+ @types/markdown-it 14.1.2
2026-03-28T17:22:34.162Z	+ @types/mdast 4.0.4
2026-03-28T17:22:34.162Z	+ @types/qrcode 1.5.6
2026-03-28T17:22:34.162Z	+ @types/sanitize-html 2.16.0
2026-03-28T17:22:34.162Z	+ astro-eslint-parser 1.3.0
2026-03-28T17:22:34.162Z	+ eslint 10.0.3
2026-03-28T17:22:34.162Z	+ eslint-plugin-astro 1.6.0
2026-03-28T17:22:34.162Z	+ eslint-plugin-import 2.32.0
2026-03-28T17:22:34.162Z	+ eslint-plugin-simple-import-sort 12.1.1
2026-03-28T17:22:34.162Z	+ eslint-plugin-svelte 3.15.2
2026-03-28T17:22:34.162Z	+ fontmin 1.1.1
2026-03-28T17:22:34.162Z	+ glob 13.0.6
2026-03-28T17:22:34.162Z	+ globals 17.4.0
2026-03-28T17:22:34.162Z	+ postcss-import 16.1.1
2026-03-28T17:22:34.162Z	+ postcss-nesting 13.0.2
2026-03-28T17:22:34.163Z	+ prettier 3.8.1
2026-03-28T17:22:34.163Z	+ prettier-plugin-astro 0.14.1
2026-03-28T17:22:34.163Z	+ prettier-plugin-svelte 3.5.1
2026-03-28T17:22:34.163Z	+ svelte-eslint-parser 1.6.0
2026-03-28T17:22:34.163Z	+ typescript-eslint 8.57.1
2026-03-28T17:22:34.163Z	
2026-03-28T17:22:34.193Z	Done in 29.9s using pnpm v10.22.0
2026-03-28T17:22:34.822Z	Executing user deploy command: npx wrangler deploy
2026-03-28T17:22:42.921Z	npm warn exec The following package was not found and will be installed: wrangler@4.78.0
2026-03-28T17:22:52.836Z	
2026-03-28T17:22:52.836Z	 ⛅️ wrangler 4.78.0
2026-03-28T17:22:52.836Z	───────────────────
2026-03-28T17:22:52.915Z	▲ [WARNING] Processing wrangler.toml configuration:
2026-03-28T17:22:52.915Z	
2026-03-28T17:22:52.915Z	    - Unexpected fields found in build field: "output_directory"
2026-03-28T17:22:52.915Z	
2026-03-28T17:22:52.915Z	
2026-03-28T17:22:52.917Z	▲ [WARNING] Multiple environments are defined in the Wrangler configuration file, but no target environment was specified for the deploy command.
2026-03-28T17:22:52.917Z	
2026-03-28T17:22:52.918Z	  To avoid unintentional changes to the wrong environment, it is recommended to explicitly specify the target environment using the `-e|--env` flag.
2026-03-28T17:22:52.918Z	  If your intention is to use the top-level environment of your configuration simply pass an empty string to the flag to target such environment. For example `--env=""`.
2026-03-28T17:22:52.918Z	
2026-03-28T17:22:52.918Z	
2026-03-28T17:22:52.995Z	
2026-03-28T17:22:52.995Z	Cloudflare collects anonymous telemetry about your usage of Wrangler. Learn more at https://github.com/cloudflare/workers-sdk/tree/main/packages/wrangler/telemetry.md
2026-03-28T17:22:52.998Z	
2026-03-28T17:22:53.000Z	✘ [ERROR] Missing entry-point to Worker script or to assets directory
2026-03-28T17:22:53.000Z	
2026-03-28T17:22:53.000Z	  
2026-03-28T17:22:53.000Z	  If there is code to deploy, you can either:
2026-03-28T17:22:53.000Z	  - Specify an entry-point to your Worker script via the command line (ex: `npx wrangler deploy src/index.ts`)
2026-03-28T17:22:53.000Z	  - Or add the following to your "wrangler.toml" file:
2026-03-28T17:22:53.000Z	  
2026-03-28T17:22:53.000Z	  ```
2026-03-28T17:22:53.001Z	  main = "src/index.ts"
2026-03-28T17:22:53.001Z	  
2026-03-28T17:22:53.001Z	  ```
2026-03-28T17:22:53.001Z	  
2026-03-28T17:22:53.001Z	  
2026-03-28T17:22:53.002Z	  If are uploading a directory of assets, you can either:
2026-03-28T17:22:53.003Z	  - Specify the path to the directory of assets via the command line: (ex: `npx wrangler deploy --assets=./dist`)
2026-03-28T17:22:53.003Z	  - Or add the following to your "wrangler.toml" file:
2026-03-28T17:22:53.003Z	  
2026-03-28T17:22:53.003Z	  ```
2026-03-28T17:22:53.003Z	  [assets]
2026-03-28T17:22:53.003Z	  directory = "./dist"
2026-03-28T17:22:53.003Z	  
2026-03-28T17:22:53.003Z	  ```
2026-03-28T17:22:53.003Z	  
2026-03-28T17:22:53.004Z	
2026-03-28T17:22:53.004Z	
2026-03-28T17:22:53.056Z	🪵  Logs were written to "/opt/buildhome/.config/.wrangler/logs/wrangler-2026-03-28_17-22-52_091.log"
2026-03-28T17:22:53.251Z	Failed: error occurred while running deploy command